<?xml version="1.0" encoding="UTF-8"?>
<!-- Generated by org.testng.reporters.JUnitReportReporter -->
<testsuite hostname="LAPTOP-EP45PUVI" failures="0" tests="2" name="test.pacakage.test" time="15.571" errors="0" timestamp="2021-11-28T15:30:59 IST" skipped="0">
  <testcase classname="test.pacakage.test" name="verifyLogin" time="8.068"/>
  <system-out/>
  <testcase classname="test.pacakage.test" name="verifyLogin" time="7.503"/>
  <system-out/>
</testsuite> <!-- test.pacakage.test -->
